#
# There is insufficient memory for the Java Runtime Environment to continue.
# Native memory allocation (malloc) failed to allocate 47808 bytes for Chunk::new
# Possible reasons:
#   The system is out of physical RAM or swap space
#   The process is running with CompressedOops enabled, and the Java Heap may be blocking the growth of the native heap
# Possible solutions:
#   Reduce memory load on the system
#   Increase physical memory or swap space
#   Check if swap backing store is full
#   Decrease Java heap size (-Xmx/-Xms)
#   Decrease number of Java threads
#   Decrease Java thread stack sizes (-Xss)
#   Set larger code cache with -XX:ReservedCodeCacheSize=
#   JVM is running with Unscaled Compressed Oops mode in which the Java heap is
#     placed in the first 4GB address space. The Java Heap base address is the
#     maximum limit for the native heap growth. Please use -XX:HeapBaseMinAddress
#     to set the Java Heap base and to place the Java Heap above 4GB virtual address.
# This output file may be truncated or incomplete.
#
#  Out of Memory Error (allocation.cpp:389), pid=10364, tid=0x0000000000004124
#
# JRE version: Java(TM) SE Runtime Environment (8.0_311-b11) (build 1.8.0_311-b11)
# Java VM: Java HotSpot(TM) 64-Bit Server VM (25.311-b11 mixed mode windows-amd64 compressed oops)
# Failed to write core dump. Minidumps are not enabled by default on client versions of Windows
#

---------------  T H R E A D  ---------------

Current thread (0x00000297fe02f800):  JavaThread "C1 CompilerThread2" daemon [_thread_in_native, id=16676, stack(0x000000b9dac00000,0x000000b9dad00000)]

Stack: [0x000000b9dac00000,0x000000b9dad00000]
Native frames: (J=compiled Java code, j=interpreted, Vv=VM code, C=native code)
V  [jvm.dll+0x32f239]
V  [jvm.dll+0x275882]
V  [jvm.dll+0x27652d]
V  [jvm.dll+0x26cf65]
V  [jvm.dll+0xd558c]
V  [jvm.dll+0xd5d8c]
V  [jvm.dll+0x26a3ab]
V  [jvm.dll+0x3fa16d]
V  [jvm.dll+0x401aad]
V  [jvm.dll+0x3f9925]
V  [jvm.dll+0x3f8da3]
V  [jvm.dll+0x40276b]
V  [jvm.dll+0x3f9f52]
V  [jvm.dll+0x3fda33]
V  [jvm.dll+0x3e12ff]
V  [jvm.dll+0x3e0b6d]
V  [jvm.dll+0x3e0d4e]
V  [jvm.dll+0x3e04a1]
V  [jvm.dll+0x3e1edf]
V  [jvm.dll+0xac22b]
V  [jvm.dll+0xaa88b]
V  [jvm.dll+0x23df22]
V  [jvm.dll+0x29253c]
C  [ucrtbase.dll+0x21bb2]
C  [KERNEL32.DLL+0x17034]
C  [ntdll.dll+0x52651]


Current CompileTask:
C1:   3728  787   !   3       java.awt.DefaultKeyboardFocusManager::dispatchEvent (1645 bytes)


---------------  P R O C E S S  ---------------

Java Threads: ( => current thread )
  0x00000297fe11d800 JavaThread "AWT-EventQueue-0" [_thread_in_native, id=9848, stack(0x000000b9db400000,0x000000b9db500000)]
  0x00000297fe138000 JavaThread "Thread-1" [_thread_blocked, id=1256, stack(0x000000b9db300000,0x000000b9db400000)]
  0x00000297fef4f000 JavaThread "Image Fetcher 0" daemon [_thread_blocked, id=14496, stack(0x000000b9db200000,0x000000b9db300000)]
  0x00000297fef25000 JavaThread "AWT-Windows" daemon [_thread_in_native, id=1808, stack(0x000000b9db100000,0x000000b9db200000)]
  0x00000297fef1e000 JavaThread "AWT-Shutdown" [_thread_blocked, id=12112, stack(0x000000b9db000000,0x000000b9db100000)]
  0x00000297fef1a000 JavaThread "Java2D Disposer" daemon [_thread_blocked, id=21960, stack(0x000000b9daf00000,0x000000b9db000000)]
  0x00000297fe09f800 JavaThread "Service Thread" daemon [_thread_blocked, id=1040, stack(0x000000b9dad00000,0x000000b9dae00000)]
=>0x00000297fe02f800 JavaThread "C1 CompilerThread2" daemon [_thread_in_native, id=16676, stack(0x000000b9dac00000,0x000000b9dad00000)]
  0x00000297fe02a800 JavaThread "C2 CompilerThread1" daemon [_thread_blocked, id=9188, stack(0x000000b9dab00000,0x000000b9dac00000)]
  0x00000297fe027000 JavaThread "C2 CompilerThread0" daemon [_thread_blocked, id=7556, stack(0x000000b9daa00000,0x000000b9dab00000)]
  0x00000297fe024000 JavaThread "Attach Listener" daemon [_thread_blocked, id=21924, stack(0x000000b9da900000,0x000000b9daa00000)]
  0x00000297fe022800 JavaThread "Signal Dispatcher" daemon [_thread_blocked, id=12836, stack(0x000000b9da800000,0x000000b9da900000)]
  0x00000297fd8d5000 JavaThread "Finalizer" daemon [_thread_blocked, id=4180, stack(0x000000b9da700000,0x000000b9da800000)]
  0x00000297fe006000 JavaThread "Reference Handler" daemon [_thread_blocked, id=21548, stack(0x000000b9da600000,0x000000b9da700000)]
  0x00000297f8db2000 JavaThread "main" [_thread_blocked, id=1852, stack(0x000000b9da000000,0x000000b9da100000)]

Other Threads:
  0x00000297fdfe3800 VMThread [stack: 0x000000b9da500000,0x000000b9da600000] [id=9720]
  0x00000297fe0c6000 WatcherThread [stack: 0x000000b9dae00000,0x000000b9daf00000] [id=11760]

VM state:not at safepoint (normal execution)

VM Mutex/Monitor currently owned by a thread: None

heap address: 0x00000000c1c00000, size: 996 MB, Compressed Oops mode: 32-bit
Narrow klass base: 0x0000000000000000, Narrow klass shift: 3
Compressed class space size: 1073741824 Address: 0x0000000100000000

Heap:
 PSYoungGen      total 18944K, used 11326K [0x00000000eb400000, 0x00000000ec900000, 0x0000000100000000)
  eden space 16384K, 56% used [0x00000000eb400000,0x00000000ebd00e28,0x00000000ec400000)
  from space 2560K, 82% used [0x00000000ec680000,0x00000000ec88ec28,0x00000000ec900000)
  to   space 2560K, 0% used [0x00000000ec400000,0x00000000ec400000,0x00000000ec680000)
 ParOldGen       total 73728K, used 42713K [0x00000000c1c00000, 0x00000000c6400000, 0x00000000eb400000)
  object space 73728K, 57% used [0x00000000c1c00000,0x00000000c45b65e0,0x00000000c6400000)
 Metaspace       used 9874K, capacity 10082K, committed 10240K, reserved 1058816K
  class space    used 1135K, capacity 1225K, committed 1280K, reserved 1048576K

Card table byte_map: [0x00000297fab50000,0x00000297fad50000] byte_map_base: 0x00000297fa542000

Marking Bits: (ParMarkBitMap*) 0x00000000546b8030
 Begin Bits: [0x00000297faea0000, 0x00000297fbe30000)
 End Bits:   [0x00000297fbe30000, 0x00000297fcdc0000)

Polling page: 0x00000297f8fb0000

CodeCache: size=245760Kb used=2934Kb max_used=2934Kb free=242825Kb
 bounds [0x0000029780000000, 0x00000297802e0000, 0x000002978f000000]
 total_blobs=1244 nmethods=786 adapters=370
 compilation: enabled

Compilation events (10 events):
Event: 3.661 Thread 0x00000297fe02f800 nmethod 782 0x00000297802db190 code [0x00000297802db360, 0x00000297802db9a0]
Event: 3.672 Thread 0x00000297fe02f800  783       3       java.awt.EventQueue$4::run (5 bytes)
Event: 3.672 Thread 0x00000297fe02f800 nmethod 783 0x00000297802dbcd0 code [0x00000297802dbec0, 0x00000297802dc580]
Event: 3.672 Thread 0x00000297fe02f800  784       3       java.awt.EventQueue$4::run (19 bytes)
Event: 3.672 Thread 0x00000297fe02f800 nmethod 784 0x00000297802dca10 code [0x00000297802dcc00, 0x00000297802dd220]
Event: 3.672 Thread 0x00000297fe02f800  785       3       java.awt.EventQueue::access$700 (4 bytes)
Event: 3.672 Thread 0x00000297fe02f800 nmethod 785 0x00000297802cbd50 code [0x00000297802cbea0, 0x00000297802cbfd8]
Event: 3.672 Thread 0x00000297fe02f800  786       3       java.security.ProtectionDomain$JavaSecurityAccessImpl::doIntersectionPrivilege (10 bytes)
Event: 3.673 Thread 0x00000297fe02f800 nmethod 786 0x00000297802dd5d0 code [0x00000297802dd7e0, 0x00000297802de110]
Event: 3.673 Thread 0x00000297fe02f800  787   !   3       java.awt.DefaultKeyboardFocusManager::dispatchEvent (1645 bytes)

GC Heap History (10 events):
Event: 2.271 GC heap before
{Heap before GC invocations=3 (full 0):
 PSYoungGen      total 18944K, used 17691K [0x00000000eb400000, 0x00000000ec900000, 0x0000000100000000)
  eden space 16384K, 98% used [0x00000000eb400000,0x00000000ec3d6e10,0x00000000ec400000)
  from space 2560K, 57% used [0x00000000ec680000,0x00000000ec7f0020,0x00000000ec900000)
  to   space 2560K, 0% used [0x00000000ec400000,0x00000000ec400000,0x00000000ec680000)
 ParOldGen       total 44032K, used 32416K [0x00000000c1c00000, 0x00000000c4700000, 0x00000000eb400000)
  object space 44032K, 73% used [0x00000000c1c00000,0x00000000c3ba8010,0x00000000c4700000)
 Metaspace       used 9648K, capacity 9826K, committed 9984K, reserved 1058816K
  class space    used 1131K, capacity 1225K, committed 1280K, reserved 1048576K
Event: 2.276 GC heap after
Heap after GC invocations=3 (full 0):
 PSYoungGen      total 18944K, used 1983K [0x00000000eb400000, 0x00000000ec900000, 0x0000000100000000)
  eden space 16384K, 0% used [0x00000000eb400000,0x00000000eb400000,0x00000000ec400000)
  from space 2560K, 77% used [0x00000000ec400000,0x00000000ec5efd50,0x00000000ec680000)
  to   space 2560K, 0% used [0x00000000ec680000,0x00000000ec680000,0x00000000ec900000)
 ParOldGen       total 44032K, used 40627K [0x00000000c1c00000, 0x00000000c4700000, 0x00000000eb400000)
  object space 44032K, 92% used [0x00000000c1c00000,0x00000000c43accc0,0x00000000c4700000)
 Metaspace       used 9648K, capacity 9826K, committed 9984K, reserved 1058816K
  class space    used 1131K, capacity 1225K, committed 1280K, reserved 1048576K
}
Event: 2.276 GC heap before
{Heap before GC invocations=4 (full 1):
 PSYoungGen      total 18944K, used 1983K [0x00000000eb400000, 0x00000000ec900000, 0x0000000100000000)
  eden space 16384K, 0% used [0x00000000eb400000,0x00000000eb400000,0x00000000ec400000)
  from space 2560K, 77% used [0x00000000ec400000,0x00000000ec5efd50,0x00000000ec680000)
  to   space 2560K, 0% used [0x00000000ec680000,0x00000000ec680000,0x00000000ec900000)
 ParOldGen       total 44032K, used 40627K [0x00000000c1c00000, 0x00000000c4700000, 0x00000000eb400000)
  object space 44032K, 92% used [0x00000000c1c00000,0x00000000c43accc0,0x00000000c4700000)
 Metaspace       used 9648K, capacity 9826K, committed 9984K, reserved 1058816K
  class space    used 1131K, capacity 1225K, committed 1280K, reserved 1048576K
Event: 2.292 GC heap after
Heap after GC invocations=4 (full 1):
 PSYoungGen      total 18944K, used 0K [0x00000000eb400000, 0x00000000ec900000, 0x0000000100000000)
  eden space 16384K, 0% used [0x00000000eb400000,0x00000000eb400000,0x00000000ec400000)
  from space 2560K, 0% used [0x00000000ec400000,0x00000000ec400000,0x00000000ec680000)
  to   space 2560K, 0% used [0x00000000ec680000,0x00000000ec680000,0x00000000ec900000)
 ParOldGen       total 73728K, used 37020K [0x00000000c1c00000, 0x00000000c6400000, 0x00000000eb400000)
  object space 73728K, 50% used [0x00000000c1c00000,0x00000000c40273c0,0x00000000c6400000)
 Metaspace       used 9648K, capacity 9826K, committed 9984K, reserved 1058816K
  class space    used 1131K, capacity 1225K, committed 1280K, reserved 1048576K
}
Event: 2.904 GC heap before
{Heap before GC invocations=5 (full 1):
 PSYoungGen      total 18944K, used 15740K [0x00000000eb400000, 0x00000000ec900000, 0x0000000100000000)
  eden space 16384K, 96% used [0x00000000eb400000,0x00000000ec35f100,0x00000000ec400000)
  from space 2560K, 0% used [0x00000000ec400000,0x00000000ec400000,0x00000000ec680000)
  to   space 2560K, 0% used [0x00000000ec680000,0x00000000ec680000,0x00000000ec900000)
 ParOldGen       total 73728K, used 37020K [0x00000000c1c00000, 0x00000000c6400000, 0x00000000eb400000)
  object space 73728K, 50% used [0x00000000c1c00000,0x00000000c40273c0,0x00000000c6400000)
 Metaspace       used 9761K, capacity 9954K, committed 10240K, reserved 1058816K
  class space    used 1135K, capacity 1225K, committed 1280K, reserved 1048576K
Event: 2.906 GC heap after
Heap after GC invocations=5 (full 1):
 PSYoungGen      total 18944K, used 2184K [0x00000000eb400000, 0x00000000ec900000, 0x0000000100000000)
  eden space 16384K, 0% used [0x00000000eb400000,0x00000000eb400000,0x00000000ec400000)
  from space 2560K, 85% used [0x00000000ec680000,0x00000000ec8a2270,0x00000000ec900000)
  to   space 2560K, 0% used [0x00000000ec400000,0x00000000ec400000,0x00000000ec680000)
 ParOldGen       total 73728K, used 37758K [0x00000000c1c00000, 0x00000000c6400000, 0x00000000eb400000)
  object space 73728K, 51% used [0x00000000c1c00000,0x00000000c40dfbb0,0x00000000c6400000)
 Metaspace       used 9761K, capacity 9954K, committed 10240K, reserved 1058816K
  class space    used 1135K, capacity 1225K, committed 1280K, reserved 1048576K
}
Event: 3.325 GC heap before
{Heap before GC invocations=6 (full 1):
 PSYoungGen      total 18944K, used 18120K [0x00000000eb400000, 0x00000000ec900000, 0x0000000100000000)
  eden space 16384K, 97% used [0x00000000eb400000,0x00000000ec38ff98,0x00000000ec400000)
  from space 2560K, 85% used [0x00000000ec680000,0x00000000ec8a2270,0x00000000ec900000)
  to   space 2560K, 0% used [0x00000000ec400000,0x00000000ec400000,0x00000000ec680000)
 ParOldGen       total 73728K, used 37758K [0x00000000c1c00000, 0x00000000c6400000, 0x00000000eb400000)
  object space 73728K, 51% used [0x00000000c1c00000,0x00000000c40dfbb0,0x00000000c6400000)
 Metaspace       used 9795K, capacity 9954K, committed 10240K, reserved 1058816K
  class space    used 1135K, capacity 1225K, committed 1280K, reserved 1048576K
Event: 3.328 GC heap after
Heap after GC invocations=6 (full 1):
 PSYoungGen      total 18944K, used 1811K [0x00000000eb400000, 0x00000000ec900000, 0x0000000100000000)
  eden space 16384K, 0% used [0x00000000eb400000,0x00000000eb400000,0x00000000ec400000)
  from space 2560K, 70% used [0x00000000ec400000,0x00000000ec5c4e10,0x00000000ec680000)
  to   space 2560K, 0% used [0x00000000ec680000,0x00000000ec680000,0x00000000ec900000)
 ParOldGen       total 73728K, used 39940K [0x00000000c1c00000, 0x00000000c6400000, 0x00000000eb400000)
  object space 73728K, 54% used [0x00000000c1c00000,0x00000000c43012b0,0x00000000c6400000)
 Metaspace       used 9795K, capacity 9954K, committed 10240K, reserved 1058816K
  class space    used 1135K, capacity 1225K, committed 1280K, reserved 1048576K
}
Event: 3.604 GC heap before
{Heap before GC invocations=7 (full 1):
 PSYoungGen      total 18944K, used 17129K [0x00000000eb400000, 0x00000000ec900000, 0x0000000100000000)
  eden space 16384K, 93% used [0x00000000eb400000,0x00000000ec2f57d0,0x00000000ec400000)
  from space 2560K, 70% used [0x00000000ec400000,0x00000000ec5c4e10,0x00000000ec680000)
  to   space 2560K, 0% used [0x00000000ec680000,0x00000000ec680000,0x00000000ec900000)
 ParOldGen       total 73728K, used 39940K [0x00000000c1c00000, 0x00000000c6400000, 0x00000000eb400000)
  object space 73728K, 54% used [0x00000000c1c00000,0x00000000c43012b0,0x00000000c6400000)
 Metaspace       used 9812K, capacity 10018K, committed 10240K, reserved 1058816K
  class space    used 1135K, capacity 1225K, committed 1280K, reserved 1048576K
Event: 3.608 GC heap after
Heap after GC invocations=7 (full 1):
 PSYoungGen      total 18944K, used 2107K [0x00000000eb400000, 0x00000000ec900000, 0x0000000100000000)
  eden space 16384K, 0% used [0x00000000eb400000,0x00000000eb400000,0x00000000ec400000)
  from space 2560K, 82% used [0x00000000ec680000,0x00000000ec88ec28,0x00000000ec900000)
  to   space 2560K, 0% used [0x00000000ec400000,0x00000000ec400000,0x00000000ec680000)
 ParOldGen       total 73728K, used 42713K [0x00000000c1c00000, 0x00000000c6400000, 0x00000000eb400000)
  object space 73728K, 57% used [0x00000000c1c00000,0x00000000c45b65e0,0x00000000c6400000)
 Metaspace       used 9812K, capacity 10018K, committed 10240K, reserved 1058816K
  class space    used 1135K, capacity 1225K, committed 1280K, reserved 1048576K
}

Deoptimization events (1 events):
Event: 0.351 Thread 0x00000297f8db2000 Uncommon trap: reason=null_check action=make_not_entrant pc=0x0000029780170964 method=java.lang.String.equals(Ljava/lang/Object;)Z @ 8

Classes redefined (0 events):
No events

Internal exceptions (10 events):
Event: 0.107 Thread 0x00000297f8db2000 Exception <a 'java/lang/NoSuchMethodError': Method sun.misc.Unsafe.prefetchRead(Ljava/lang/Object;J)V name or signature does not match> (0x00000000eb407fa8) thrown at [C:\jenkins\workspace\8-2-build-windows-amd64-cygwin\jdk8u311\1894\hotspot\src\share\vm\
Event: 0.229 Thread 0x00000297f8db2000 Exception <a 'java/security/PrivilegedActionException'> (0x00000000eb493aa0) thrown at [C:\jenkins\workspace\8-2-build-windows-amd64-cygwin\jdk8u311\1894\hotspot\src\share\vm\prims\jvm.cpp, line 1523]
Event: 0.229 Thread 0x00000297f8db2000 Exception <a 'java/security/PrivilegedActionException'> (0x00000000eb493cb0) thrown at [C:\jenkins\workspace\8-2-build-windows-amd64-cygwin\jdk8u311\1894\hotspot\src\share\vm\prims\jvm.cpp, line 1523]
Event: 0.231 Thread 0x00000297f8db2000 Exception <a 'java/security/PrivilegedActionException'> (0x00000000eb497bc0) thrown at [C:\jenkins\workspace\8-2-build-windows-amd64-cygwin\jdk8u311\1894\hotspot\src\share\vm\prims\jvm.cpp, line 1523]
Event: 0.231 Thread 0x00000297f8db2000 Exception <a 'java/security/PrivilegedActionException'> (0x00000000eb497dd0) thrown at [C:\jenkins\workspace\8-2-build-windows-amd64-cygwin\jdk8u311\1894\hotspot\src\share\vm\prims\jvm.cpp, line 1523]
Event: 0.243 Thread 0x00000297f8db2000 Exception <a 'java/io/FileNotFoundException'> (0x00000000eb49cc98) thrown at [C:\jenkins\workspace\8-2-build-windows-amd64-cygwin\jdk8u311\1894\hotspot\src\share\vm\prims\jni.cpp, line 710]
Event: 0.273 Thread 0x00000297f8db2000 Exception <a 'java/lang/NoSuchFieldError': method resolution failed> (0x00000000eb5bfa00) thrown at [C:\jenkins\workspace\8-2-build-windows-amd64-cygwin\jdk8u311\1894\hotspot\src\share\vm\prims\methodHandles.cpp, line 1169]
Event: 0.275 Thread 0x00000297f8db2000 Exception <a 'java/lang/NoSuchFieldError': method resolution failed> (0x00000000eb5ccdd0) thrown at [C:\jenkins\workspace\8-2-build-windows-amd64-cygwin\jdk8u311\1894\hotspot\src\share\vm\prims\methodHandles.cpp, line 1169]
Event: 0.317 Thread 0x00000297f8db2000 Exception <a 'java/io/FileNotFoundException'> (0x00000000eb668288) thrown at [C:\jenkins\workspace\8-2-build-windows-amd64-cygwin\jdk8u311\1894\hotspot\src\share\vm\prims\jni.cpp, line 710]
Event: 0.351 Thread 0x00000297f8db2000 Implicit null exception at 0x000002978017079b to 0x0000029780170955

Events (10 events):
Event: 2.377 loading class java/awt/AWTEvent$2
Event: 2.378 loading class java/awt/AWTEvent$2 done
Event: 2.378 loading class sun/reflect/UnsafeBooleanFieldAccessorImpl
Event: 2.378 loading class sun/reflect/UnsafeBooleanFieldAccessorImpl done
Event: 2.904 Executing VM operation: ParallelGCFailedAllocation
Event: 2.906 Executing VM operation: ParallelGCFailedAllocation done
Event: 3.325 Executing VM operation: ParallelGCFailedAllocation
Event: 3.328 Executing VM operation: ParallelGCFailedAllocation done
Event: 3.604 Executing VM operation: ParallelGCFailedAllocation
Event: 3.608 Executing VM operation: ParallelGCFailedAllocation done


Dynamic libraries:
0x00007ff774c30000 - 0x00007ff774c77000 	C:\Program Files\Java\jdk1.8.0_311\bin\java.exe
0x00007ffb4ccf0000 - 0x00007ffb4cee5000 	C:\WINDOWS\SYSTEM32\ntdll.dll
0x00007ffb4afe0000 - 0x00007ffb4b09e000 	C:\WINDOWS\System32\KERNEL32.DLL
0x00007ffb4a740000 - 0x00007ffb4aa08000 	C:\WINDOWS\System32\KERNELBASE.dll
0x00007ffb4b6e0000 - 0x00007ffb4b78e000 	C:\WINDOWS\System32\ADVAPI32.dll
0x00007ffb4bb70000 - 0x00007ffb4bc0e000 	C:\WINDOWS\System32\msvcrt.dll
0x00007ffb4af40000 - 0x00007ffb4afdc000 	C:\WINDOWS\System32\sechost.dll
0x00007ffb4bda0000 - 0x00007ffb4bec5000 	C:\WINDOWS\System32\RPCRT4.dll
0x00007ffb4c790000 - 0x00007ffb4c930000 	C:\WINDOWS\System32\USER32.dll
0x00007ffb4a5a0000 - 0x00007ffb4a5c2000 	C:\WINDOWS\System32\win32u.dll
0x00007ffb4c010000 - 0x00007ffb4c03a000 	C:\WINDOWS\System32\GDI32.dll
0x00007ffb4abb0000 - 0x00007ffb4acbb000 	C:\WINDOWS\System32\gdi32full.dll
0x00007ffb4ab10000 - 0x00007ffb4abad000 	C:\WINDOWS\System32\msvcp_win.dll
0x00007ffb4a640000 - 0x00007ffb4a740000 	C:\WINDOWS\System32\ucrtbase.dll
0x00007ffb294b0000 - 0x00007ffb2974a000 	C:\WINDOWS\WinSxS\amd64_microsoft.windows.common-controls_6595b64144ccf1df_6.0.19041.1110_none_60b5254171f9507e\COMCTL32.dll
0x00007ffb4ad60000 - 0x00007ffb4ad90000 	C:\WINDOWS\System32\IMM32.DLL
0x00007ffb44d50000 - 0x00007ffb44d65000 	C:\Program Files\Java\jdk1.8.0_311\jre\bin\vcruntime140.dll
0x00007ffb27e50000 - 0x00007ffb27eeb000 	C:\Program Files\Java\jdk1.8.0_311\jre\bin\msvcp140.dll
0x0000000053ed0000 - 0x0000000054730000 	C:\Program Files\Java\jdk1.8.0_311\jre\bin\server\jvm.dll
0x00007ffb4ad50000 - 0x00007ffb4ad58000 	C:\WINDOWS\System32\PSAPI.DLL
0x00007ffb42010000 - 0x00007ffb4201a000 	C:\WINDOWS\SYSTEM32\VERSION.dll
0x00007ffb39620000 - 0x00007ffb39647000 	C:\WINDOWS\SYSTEM32\WINMM.dll
0x00007ffb2df70000 - 0x00007ffb2df79000 	C:\WINDOWS\SYSTEM32\WSOCK32.dll
0x00007ffb4ae20000 - 0x00007ffb4ae8b000 	C:\WINDOWS\System32\WS2_32.dll
0x00007ffb482e0000 - 0x00007ffb482f2000 	C:\WINDOWS\SYSTEM32\kernel.appcore.dll
0x00007ffb47a50000 - 0x00007ffb47a60000 	C:\Program Files\Java\jdk1.8.0_311\jre\bin\verify.dll
0x00007ffb42770000 - 0x00007ffb4279b000 	C:\Program Files\Java\jdk1.8.0_311\jre\bin\java.dll
0x00007ffb44cb0000 - 0x00007ffb44cc8000 	C:\Program Files\Java\jdk1.8.0_311\jre\bin\zip.dll
0x00007ffb4c040000 - 0x00007ffb4c784000 	C:\WINDOWS\System32\SHELL32.dll
0x00007ffb484e0000 - 0x00007ffb48c74000 	C:\WINDOWS\SYSTEM32\windows.storage.dll
0x00007ffb4c950000 - 0x00007ffb4cca4000 	C:\WINDOWS\System32\combase.dll
0x00007ffb49db0000 - 0x00007ffb49ddc000 	C:\WINDOWS\SYSTEM32\Wldp.dll
0x00007ffb4b510000 - 0x00007ffb4b5bd000 	C:\WINDOWS\System32\SHCORE.dll
0x00007ffb4bb10000 - 0x00007ffb4bb65000 	C:\WINDOWS\System32\shlwapi.dll
0x00007ffb4a350000 - 0x00007ffb4a36f000 	C:\WINDOWS\SYSTEM32\profapi.dll
0x00007ffb0dbb0000 - 0x00007ffb0dd45000 	C:\Program Files\Java\jdk1.8.0_311\jre\bin\awt.dll
0x00007ffb4bc70000 - 0x00007ffb4bd3d000 	C:\WINDOWS\System32\OLEAUT32.dll
0x00007ffb47c30000 - 0x00007ffb47cc0000 	C:\WINDOWS\SYSTEM32\apphelp.dll
0x00007ffb47ff0000 - 0x00007ffb4801f000 	C:\WINDOWS\system32\DWMAPI.DLL
0x00007ffb47e00000 - 0x00007ffb47e9e000 	C:\WINDOWS\system32\uxtheme.dll
0x00007ffb24c60000 - 0x00007ffb24d86000 	C:\WINDOWS\system32\opengl32.dll
0x00007ffb42a90000 - 0x00007ffb42abc000 	C:\WINDOWS\SYSTEM32\GLU32.dll
0x00007ffb4b5c0000 - 0x00007ffb4b6d5000 	C:\WINDOWS\System32\MSCTF.dll
0x00007ffb4b810000 - 0x00007ffb4b93a000 	C:\WINDOWS\System32\ole32.dll
0x00007ffb4acc0000 - 0x00007ffb4ad42000 	C:\WINDOWS\System32\bcryptPrimitives.dll
0x00007ffb2be40000 - 0x00007ffb2be72000 	C:\Program Files\Java\jdk1.8.0_311\jre\bin\jpeg.dll
0x00007ffb424a0000 - 0x00007ffb424e9000 	C:\Program Files\Java\jdk1.8.0_311\jre\bin\fontmanager.dll
0x00007ffb28390000 - 0x00007ffb28489000 	C:\WINDOWS\SYSTEM32\textinputframework.dll
0x00007ffb47910000 - 0x00007ffb47a02000 	C:\WINDOWS\System32\CoreMessaging.dll
0x00007ffb47230000 - 0x00007ffb4758e000 	C:\WINDOWS\System32\CoreUIComponents.dll
0x00007ffb490d0000 - 0x00007ffb49103000 	C:\WINDOWS\SYSTEM32\ntmarta.dll
0x00007ffb46250000 - 0x00007ffb463a4000 	C:\WINDOWS\SYSTEM32\wintypes.dll
0x00007ffb43460000 - 0x00007ffb4347c000 	C:\Program Files\Java\jdk1.8.0_311\jre\bin\net.dll
0x00007ffb49b10000 - 0x00007ffb49b7a000 	C:\WINDOWS\system32\mswsock.dll
0x00007ffb42b20000 - 0x00007ffb42b33000 	C:\Program Files\Java\jdk1.8.0_311\jre\bin\nio.dll
0x00007ffb28030000 - 0x00007ffb28073000 	C:\Program Files\Java\jdk1.8.0_311\jre\bin\t2k.dll
0x00007ffb42090000 - 0x00007ffb42274000 	C:\WINDOWS\SYSTEM32\dbghelp.dll
0x00007ffb249d0000 - 0x00007ffb24a7c000 	C:\WINDOWS\SYSTEM32\TextShaping.dll

VM Arguments:
jvm_args: -Dfile.encoding=UTF-8 
java_command: course.management.system.Splash
java_class_path (initial): C:\Users\ajay0\Downloads\rs2xml.jar;C:\Users\ajay0\Downloads\mysql-connector-java-8.0.28\mysql-connector-java-8.0.28.jar;C:\Ajay\Sem 6\Java\Project\coursemanagement\build\classes
Launcher Type: SUN_STANDARD

Environment Variables:
JAVA_HOME=C:\Program Files\Java\jdk1.8.0_311
JRE_HOME=C:\Program Files\Java\jre1.8.0_311
PATH=C:\Program Files (x86)\Common Files\Oracle\Java\javapath;C:\Program Files\Python39\Scripts\;C:\Program Files\Python39\;C:\WINDOWS\system32;C:\WINDOWS;C:\WINDOWS\System32\Wbem;C:\WINDOWS\System32\WindowsPowerShell\v1.0\;C:\WINDOWS\System32\OpenSSH\;C:\TDM-GCC-64\bin;C:\Program Files\nodejs\;C:\Program Files\Git\cmd;C:\Program Files\Docker\Docker\resources\bin;C:\ProgramData\DockerDesktop\version-bin;C:\Program Files\Java\jre1.8.0_311\bin;C:\Program Files\MySQL\MySQL Shell 8.0\bin\;C:\Users\ajay0\AppData\Local\Microsoft\WindowsApps;C:\Program Files\JetBrains\PyCharm Community Edition 2019.2.2\bin;C:\Users\ajay0\AppData\Local\atom\bin;C:\Users\ajay0\AppData\Roaming\npm;C:\Users\ajay0\AppData\Local\Programs\Microsoft VS Code\bin;C:\Users\ajay0\AppData\Local\Microsoft\WindowsApps;C:\MinGW\bin;C:\Flex Windows\gcc\bin;C:\Flex Windows\Lex\bin;C:\Flex Windows\bison\bin
USERNAME=ajay0
OS=Windows_NT
PROCESSOR_IDENTIFIER=Intel64 Family 6 Model 142 Stepping 12, GenuineIntel



---------------  S Y S T E M  ---------------

OS: Windows 10.0 , 64 bit Build 19041 (10.0.19041.1645)

CPU:total 4 (initial active 4) (2 cores per cpu, 2 threads per core) family 6 model 142 stepping 12, cmov, cx8, fxsr, mmx, sse, sse2, sse3, ssse3, sse4.1, sse4.2, popcnt, avx, avx2, aes, clmul, erms, 3dnowpref, lzcnt, ht, tsc, tscinvbit, bmi1, bmi2, adx

Memory: 4k page, physical 4071668k(285368k free), swap 16654580k(3588k free)

vm_info: Java HotSpot(TM) 64-Bit Server VM (25.311-b11) for windows-amd64 JRE (1.8.0_311-b11), built on Sep 27 2021 05:15:14 by "java_re" with MS VC++ 15.9 (VS2017)

time: Thu Apr 21 00:29:04 2022
timezone: India Standard Time
elapsed time: 3.732649 seconds (0d 0h 0m 3s)

